<?xml version="1.0" encoding="UTF-8" ?>
<testsuites name="vitest tests" tests="1248" failures="30" errors="0" time="0.4182106">
    <testsuite name="packages/shared/__tests__/configuration-manager.test.ts" timestamp="2025-09-21T23:33:30.802Z" hostname="AlexJ-N501VW" tests="29" failures="0" errors="0" skipped="0" time="0">
        <testcase classname="packages/shared/__tests__/configuration-manager.test.ts" name="ConfigurationManager &gt; Singleton Pattern &gt; should return the same instance" time="0">
        </testcase>
        <testcase classname="packages/shared/__tests__/configuration-manager.test.ts" name="ConfigurationManager &gt; Configuration Loading &gt; should load default configuration when no path provided" time="0">
        </testcase>
        <testcase classname="packages/shared/__tests__/configuration-manager.test.ts" name="ConfigurationManager &gt; Configuration Loading &gt; should emit configurationLoaded event" time="0">
        </testcase>
        <testcase classname="packages/shared/__tests__/configuration-manager.test.ts" name="ConfigurationManager &gt; Configuration Loading &gt; should return current configuration" time="0">
        </testcase>
        <testcase classname="packages/shared/__tests__/configuration-manager.test.ts" name="ConfigurationManager &gt; Configuration Loading &gt; should return a copy of configuration to prevent mutation" time="0">
        </testcase>
        <testcase classname="packages/shared/__tests__/configuration-manager.test.ts" name="ConfigurationManager &gt; Configuration Updates &gt; should update log level successfully" time="0">
        </testcase>
        <testcase classname="packages/shared/__tests__/configuration-manager.test.ts" name="ConfigurationManager &gt; Configuration Updates &gt; should update multiple properties" time="0">
        </testcase>
        <testcase classname="packages/shared/__tests__/configuration-manager.test.ts" name="ConfigurationManager &gt; Configuration Updates &gt; should reject invalid configuration updates" time="0">
        </testcase>
        <testcase classname="packages/shared/__tests__/configuration-manager.test.ts" name="ConfigurationManager &gt; Configuration Updates &gt; should emit configurationUpdated event on successful update" time="0">
        </testcase>
        <testcase classname="packages/shared/__tests__/configuration-manager.test.ts" name="ConfigurationManager &gt; Configuration Updates &gt; should detect when restart is required" time="0">
        </testcase>
        <testcase classname="packages/shared/__tests__/configuration-manager.test.ts" name="ConfigurationManager &gt; Configuration Validation &gt; should validate valid configuration" time="0">
        </testcase>
        <testcase classname="packages/shared/__tests__/configuration-manager.test.ts" name="ConfigurationManager &gt; Configuration Validation &gt; should detect missing required fields" time="0">
        </testcase>
        <testcase classname="packages/shared/__tests__/configuration-manager.test.ts" name="ConfigurationManager &gt; Configuration Validation &gt; should validate file size parsing" time="0">
        </testcase>
        <testcase classname="packages/shared/__tests__/configuration-manager.test.ts" name="ConfigurationManager &gt; Configuration Validation &gt; should reject invalid file size formats" time="0">
        </testcase>
        <testcase classname="packages/shared/__tests__/configuration-manager.test.ts" name="ConfigurationManager &gt; Configuration Watching &gt; should start configuration watching" time="0">
        </testcase>
        <testcase classname="packages/shared/__tests__/configuration-manager.test.ts" name="ConfigurationManager &gt; Configuration Watching &gt; should stop configuration watching" time="0">
        </testcase>
        <testcase classname="packages/shared/__tests__/configuration-manager.test.ts" name="ConfigurationManager &gt; Configuration Watching &gt; should not start watching without config path" time="0">
        </testcase>
        <testcase classname="packages/shared/__tests__/configuration-manager.test.ts" name="ConfigurationManager &gt; Error Handling &gt; should handle configuration update errors gracefully" time="0">
        </testcase>
        <testcase classname="packages/shared/__tests__/configuration-manager.test.ts" name="ConfigurationManager &gt; Error Handling &gt; should preserve original configuration on update failure" time="0">
        </testcase>
        <testcase classname="packages/shared/__tests__/configuration-manager.test.ts" name="ConfigurationManager &gt; Configuration Merging &gt; should merge partial updates with existing configuration" time="0">
        </testcase>
        <testcase classname="packages/shared/__tests__/configuration-manager.test.ts" name="ConfigValidator &gt; Logger Configuration Validation &gt; should validate complete valid configuration" time="0">
        </testcase>
        <testcase classname="packages/shared/__tests__/configuration-manager.test.ts" name="ConfigValidator &gt; Logger Configuration Validation &gt; should detect invalid log levels" time="0">
        </testcase>
        <testcase classname="packages/shared/__tests__/configuration-manager.test.ts" name="ConfigValidator &gt; Logger Configuration Validation &gt; should detect missing required fields" time="0">
        </testcase>
        <testcase classname="packages/shared/__tests__/configuration-manager.test.ts" name="ConfigValidator &gt; Logger Configuration Validation &gt; should validate file output configuration" time="0">
        </testcase>
        <testcase classname="packages/shared/__tests__/configuration-manager.test.ts" name="ConfigValidator &gt; Logger Configuration Validation &gt; should validate external output configuration" time="0">
        </testcase>
        <testcase classname="packages/shared/__tests__/configuration-manager.test.ts" name="ConfigValidator &gt; Logger Configuration Validation &gt; should generate warnings for disabled outputs" time="0">
        </testcase>
        <testcase classname="packages/shared/__tests__/configuration-manager.test.ts" name="ConfigValidator &gt; Logger Configuration Validation &gt; should handle null or undefined configuration" time="0">
        </testcase>
        <testcase classname="packages/shared/__tests__/configuration-manager.test.ts" name="ConfigValidator &gt; File Size Parsing &gt; should parse valid file sizes" time="0">
        </testcase>
        <testcase classname="packages/shared/__tests__/configuration-manager.test.ts" name="ConfigValidator &gt; File Size Parsing &gt; should reject invalid file size formats" time="0">
        </testcase>
    </testsuite>
    <testsuite name="packages/shared/__tests__/error-classification.test.ts" timestamp="2025-09-21T23:33:30.828Z" hostname="AlexJ-N501VW" tests="34" failures="0" errors="0" skipped="0" time="0">
        <testcase classname="packages/shared/__tests__/error-classification.test.ts" name="Error Classification System &gt; ErrorClassifier &gt; classifyError &gt; should classify path not found errors correctly" time="0">
        </testcase>
        <testcase classname="packages/shared/__tests__/error-classification.test.ts" name="Error Classification System &gt; ErrorClassifier &gt; classifyError &gt; should classify permission denied errors correctly" time="0">
        </testcase>
        <testcase classname="packages/shared/__tests__/error-classification.test.ts" name="Error Classification System &gt; ErrorClassifier &gt; classifyError &gt; should classify network timeout errors correctly" time="0">
        </testcase>
        <testcase classname="packages/shared/__tests__/error-classification.test.ts" name="Error Classification System &gt; ErrorClassifier &gt; classifyError &gt; should classify LLM provider errors correctly" time="0">
        </testcase>
        <testcase classname="packages/shared/__tests__/error-classification.test.ts" name="Error Classification System &gt; ErrorClassifier &gt; classifyError &gt; should classify HTTP errors based on status code" time="0">
        </testcase>
        <testcase classname="packages/shared/__tests__/error-classification.test.ts" name="Error Classification System &gt; ErrorClassifier &gt; classifyError &gt; should handle string errors" time="0">
        </testcase>
        <testcase classname="packages/shared/__tests__/error-classification.test.ts" name="Error Classification System &gt; ErrorClassifier &gt; classifyError &gt; should generate unique IDs and correlation IDs" time="0">
        </testcase>
        <testcase classname="packages/shared/__tests__/error-classification.test.ts" name="Error Classification System &gt; ErrorClassifier &gt; classifyError &gt; should use provided correlation ID" time="0">
        </testcase>
        <testcase classname="packages/shared/__tests__/error-classification.test.ts" name="Error Classification System &gt; ErrorClassifier &gt; classifyError &gt; should link parent and child errors" time="0">
        </testcase>
        <testcase classname="packages/shared/__tests__/error-classification.test.ts" name="Error Classification System &gt; ErrorClassifier &gt; createErrorResponse &gt; should create API error response with minimal context" time="0">
        </testcase>
        <testcase classname="packages/shared/__tests__/error-classification.test.ts" name="Error Classification System &gt; ErrorClassifier &gt; createErrorResponse &gt; should create API error response with full context" time="0">
        </testcase>
        <testcase classname="packages/shared/__tests__/error-classification.test.ts" name="Error Classification System &gt; ErrorClassifier &gt; getErrorStatistics &gt; should return empty statistics for no errors" time="0">
        </testcase>
        <testcase classname="packages/shared/__tests__/error-classification.test.ts" name="Error Classification System &gt; ErrorClassifier &gt; getErrorStatistics &gt; should calculate statistics correctly" time="0">
        </testcase>
        <testcase classname="packages/shared/__tests__/error-classification.test.ts" name="Error Classification System &gt; ErrorClassifier &gt; getErrorStatistics &gt; should filter statistics by time range" time="0">
        </testcase>
        <testcase classname="packages/shared/__tests__/error-classification.test.ts" name="Error Classification System &gt; ErrorClassifier &gt; getCorrelatedErrors &gt; should return null for non-existent correlation ID" time="0">
        </testcase>
        <testcase classname="packages/shared/__tests__/error-classification.test.ts" name="Error Classification System &gt; ErrorClassifier &gt; getCorrelatedErrors &gt; should return correlated errors" time="0">
        </testcase>
        <testcase classname="packages/shared/__tests__/error-classification.test.ts" name="Error Classification System &gt; ErrorClassifier &gt; getCorrelatedErrors &gt; should determine root cause correctly" time="0">
        </testcase>
        <testcase classname="packages/shared/__tests__/error-classification.test.ts" name="Error Classification System &gt; ErrorClassifier &gt; resolveError &gt; should mark error as resolved" time="0">
        </testcase>
        <testcase classname="packages/shared/__tests__/error-classification.test.ts" name="Error Classification System &gt; ErrorClassifier &gt; resolveError &gt; should return false for non-existent error" time="0">
        </testcase>
        <testcase classname="packages/shared/__tests__/error-classification.test.ts" name="Error Classification System &gt; ErrorFormatter &gt; formatForAPI &gt; should format error for API response" time="0">
        </testcase>
        <testcase classname="packages/shared/__tests__/error-classification.test.ts" name="Error Classification System &gt; ErrorFormatter &gt; formatForAPI &gt; should respect formatting options" time="0">
        </testcase>
        <testcase classname="packages/shared/__tests__/error-classification.test.ts" name="Error Classification System &gt; ErrorFormatter &gt; formatForConsole &gt; should format error for console output" time="0">
        </testcase>
        <testcase classname="packages/shared/__tests__/error-classification.test.ts" name="Error Classification System &gt; ErrorFormatter &gt; formatForConsole &gt; should include colors when requested" time="0">
        </testcase>
        <testcase classname="packages/shared/__tests__/error-classification.test.ts" name="Error Classification System &gt; ErrorFormatter &gt; formatForConsole &gt; should limit suggestions based on options" time="0">
        </testcase>
        <testcase classname="packages/shared/__tests__/error-classification.test.ts" name="Error Classification System &gt; ErrorFormatter &gt; formatForLogging &gt; should format error for structured logging" time="0">
        </testcase>
        <testcase classname="packages/shared/__tests__/error-classification.test.ts" name="Error Classification System &gt; ErrorFormatter &gt; formatErrorSummary &gt; should format multiple errors as summary" time="0">
        </testcase>
        <testcase classname="packages/shared/__tests__/error-classification.test.ts" name="Error Classification System &gt; ErrorFormatter &gt; formatErrorSummary &gt; should handle empty error list" time="0">
        </testcase>
        <testcase classname="packages/shared/__tests__/error-classification.test.ts" name="Error Classification System &gt; ErrorFormatter &gt; createUserFriendlyMessage &gt; should create user-friendly messages for common errors" time="0">
        </testcase>
        <testcase classname="packages/shared/__tests__/error-classification.test.ts" name="Error Classification System &gt; ErrorFormatter &gt; createUserFriendlyMessage &gt; should fall back to original message for unknown errors" time="0">
        </testcase>
        <testcase classname="packages/shared/__tests__/error-classification.test.ts" name="Error Classification System &gt; Error Type Definitions &gt; should have all required error categories" time="0">
        </testcase>
        <testcase classname="packages/shared/__tests__/error-classification.test.ts" name="Error Classification System &gt; Error Type Definitions &gt; should have all required error severities" time="0">
        </testcase>
        <testcase classname="packages/shared/__tests__/error-classification.test.ts" name="Error Classification System &gt; Error Type Definitions &gt; should have comprehensive error codes" time="0">
        </testcase>
        <testcase classname="packages/shared/__tests__/error-classification.test.ts" name="Error Classification System &gt; Integration Tests &gt; should handle complete error lifecycle" time="0">
        </testcase>
        <testcase classname="packages/shared/__tests__/error-classification.test.ts" name="Error Classification System &gt; Integration Tests &gt; should handle error correlation across multiple operations" time="0">
        </testcase>
    </testsuite>
    <testsuite name="packages/shared/__tests__/path-utils.test.ts" timestamp="2025-09-21T23:33:30.863Z" hostname="AlexJ-N501VW" tests="21" failures="1" errors="0" skipped="0" time="0.1509031">
        <testcase classname="packages/shared/__tests__/path-utils.test.ts" name="PathValidator &gt; Basic Input Validation &gt; should reject empty path" time="0.021606">
        </testcase>
        <testcase classname="packages/shared/__tests__/path-utils.test.ts" name="PathValidator &gt; Basic Input Validation &gt; should reject null path" time="0.0125977">
        </testcase>
        <testcase classname="packages/shared/__tests__/path-utils.test.ts" name="PathValidator &gt; Basic Input Validation &gt; should reject undefined path" time="0.0093752">
        </testcase>
        <testcase classname="packages/shared/__tests__/path-utils.test.ts" name="PathValidator &gt; Path Normalization &gt; should normalize existing file path" time="0.0109162">
        </testcase>
        <testcase classname="packages/shared/__tests__/path-utils.test.ts" name="PathValidator &gt; Path Normalization &gt; should normalize existing directory path" time="0.0092389">
            <system-out>
statMock called with: C:\Users\AlexJ\AppData\Local\Temp\path-validator-test-cJTsnI\testdir, resolved: C:\Users\AlexJ\AppData\Local\Temp\path-validator-test-cJTsnI\testdir
Matched testDir or tempDir: C:\Users\AlexJ\AppData\Local\Temp\path-validator-test-cJTsnI\testdir or C:\Users\AlexJ\AppData\Local\Temp\path-validator-test-cJTsnI

            </system-out>
        </testcase>
        <testcase classname="packages/shared/__tests__/path-utils.test.ts" name="PathValidator &gt; Path Normalization &gt; should handle relative paths" time="0.0071255">
            <system-out>
statMock called with: C:\Users\AlexJ\AppData\Local\Temp\path-validator-test-BLI57C\test.txt, resolved: C:\Users\AlexJ\AppData\Local\Temp\path-validator-test-BLI57C\test.txt
Matched testFile: C:\Users\AlexJ\AppData\Local\Temp\path-validator-test-BLI57C\test.txt

            </system-out>
        </testcase>
        <testcase classname="packages/shared/__tests__/path-utils.test.ts" name="PathValidator &gt; Security Validation &gt; should detect directory traversal attempts" time="0.0464425">
            <failure message="expected true to be false // Object.is equality" type="AssertionError">
AssertionError: expected true to be false // Object.is equality

- Expected
+ Received

- false
+ true

 ❯ __tests__/path-utils.test.ts:149:30
            </failure>
        </testcase>
        <testcase classname="packages/shared/__tests__/path-utils.test.ts" name="PathValidator &gt; Security Validation &gt; should reject paths with invalid characters" time="0">
        </testcase>
        <testcase classname="packages/shared/__tests__/path-utils.test.ts" name="PathValidator &gt; Security Validation &gt; should reject overly long paths" time="0">
        </testcase>
        <testcase classname="packages/shared/__tests__/path-utils.test.ts" name="PathValidator &gt; Permission Validation &gt; should validate read permissions for existing file" time="0">
        </testcase>
        <testcase classname="packages/shared/__tests__/path-utils.test.ts" name="PathValidator &gt; Permission Validation &gt; should validate directory permissions" time="0">
        </testcase>
        <testcase classname="packages/shared/__tests__/path-utils.test.ts" name="PathValidator &gt; Non-existent Paths &gt; should handle non-existent paths" time="0">
        </testcase>
        <testcase classname="packages/shared/__tests__/path-utils.test.ts" name="PathValidator &gt; Non-existent Paths &gt; should allow non-existent paths when existence check is disabled" time="0">
        </testcase>
        <testcase classname="packages/shared/__tests__/path-utils.test.ts" name="PathValidator &gt; Quick Validation &gt; should work with BASIC security level" time="0">
        </testcase>
        <testcase classname="packages/shared/__tests__/path-utils.test.ts" name="PathValidator &gt; Quick Validation &gt; should work with STANDARD security level" time="0">
        </testcase>
        <testcase classname="packages/shared/__tests__/path-utils.test.ts" name="PathValidator &gt; Quick Validation &gt; should work with STRICT security level" time="0">
        </testcase>
        <testcase classname="packages/shared/__tests__/path-utils.test.ts" name="PathValidator &gt; Cross-platform Compatibility &gt; should handle different path separators" time="0">
        </testcase>
        <testcase classname="packages/shared/__tests__/path-utils.test.ts" name="PathValidator &gt; Cross-platform Compatibility &gt; should handle UNC paths on Windows" time="0">
        </testcase>
        <testcase classname="packages/shared/__tests__/path-utils.test.ts" name="PathValidator &gt; Error Messages &gt; should provide helpful error messages" time="0">
        </testcase>
        <testcase classname="packages/shared/__tests__/path-utils.test.ts" name="PathValidator &gt; Error Messages &gt; should provide detailed error information" time="0">
        </testcase>
        <testcase classname="packages/shared/__tests__/path-utils.test.ts" name="PathValidator &gt; Timeout Handling &gt; should handle timeout gracefully" time="0">
        </testcase>
    </testsuite>
    <testsuite name="packages/shared/__tests__/validation/schemas.test.ts" timestamp="2025-09-21T23:33:30.914Z" hostname="AlexJ-N501VW" tests="9" failures="0" errors="0" skipped="0" time="0">
        <testcase classname="packages/shared/__tests__/validation/schemas.test.ts" name="Validation Schemas &gt; FileInfo Schema &gt; should validate a valid FileInfo object" time="0">
        </testcase>
        <testcase classname="packages/shared/__tests__/validation/schemas.test.ts" name="Validation Schemas &gt; FileInfo Schema &gt; should reject an invalid FileInfo object" time="0">
        </testcase>
        <testcase classname="packages/shared/__tests__/validation/schemas.test.ts" name="Validation Schemas &gt; AnalysisOptions Schema &gt; should validate a valid AnalysisOptions object" time="0">
        </testcase>
        <testcase classname="packages/shared/__tests__/validation/schemas.test.ts" name="Validation Schemas &gt; AnalysisOptions Schema &gt; should reject an invalid AnalysisOptions object" time="0">
        </testcase>
        <testcase classname="packages/shared/__tests__/validation/schemas.test.ts" name="Validation Schemas &gt; RepositoryAnalysis Schema &gt; should validate a valid RepositoryAnalysis object" time="0">
        </testcase>
        <testcase classname="packages/shared/__tests__/validation/schemas.test.ts" name="Validation Schemas &gt; RepositoryAnalysis Schema &gt; should reject an invalid RepositoryAnalysis object" time="0">
        </testcase>
        <testcase classname="packages/shared/__tests__/validation/schemas.test.ts" name="Validation Schemas &gt; SearchQuery Schema &gt; should validate a valid SearchQuery object" time="0">
        </testcase>
        <testcase classname="packages/shared/__tests__/validation/schemas.test.ts" name="Validation Schemas &gt; SearchQuery Schema &gt; should validate a partial SearchQuery object" time="0">
        </testcase>
        <testcase classname="packages/shared/__tests__/validation/schemas.test.ts" name="Validation Schemas &gt; RepositoryIndex Schema &gt; should validate a valid RepositoryIndex object" time="0">
        </testcase>
    </testsuite>
    <testsuite name="packages/shared/__tests__/validation/validators.test.ts" timestamp="2025-09-21T23:33:30.938Z" hostname="AlexJ-N501VW" tests="7" failures="0" errors="0" skipped="0" time="0">
        <testcase classname="packages/shared/__tests__/validation/validators.test.ts" name="Validation Utilities &gt; validate function &gt; should validate data against a schema" time="0">
        </testcase>
        <testcase classname="packages/shared/__tests__/validation/validators.test.ts" name="Validation Utilities &gt; validate function &gt; should throw an error for invalid data" time="0">
        </testcase>
        <testcase classname="packages/shared/__tests__/validation/validators.test.ts" name="Validation Utilities &gt; validateSafe function &gt; should return success and data for valid input" time="0">
        </testcase>
        <testcase classname="packages/shared/__tests__/validation/validators.test.ts" name="Validation Utilities &gt; validateSafe function &gt; should return failure and errors for invalid input" time="0">
        </testcase>
        <testcase classname="packages/shared/__tests__/validation/validators.test.ts" name="Validation Utilities &gt; Specific validators &gt; should validate repository analysis data" time="0">
        </testcase>
        <testcase classname="packages/shared/__tests__/validation/validators.test.ts" name="Validation Utilities &gt; Specific validators &gt; should validate file info data" time="0">
        </testcase>
        <testcase classname="packages/shared/__tests__/validation/validators.test.ts" name="Validation Utilities &gt; Specific validators &gt; should validate analysis options data" time="0">
        </testcase>
    </testsuite>
    <testsuite name="tests/biome-rules-validation.test.ts" timestamp="2025-09-21T23:33:30.950Z" hostname="AlexJ-N501VW" tests="1" failures="1" errors="0" skipped="0" time="0">
        <testcase classname="tests/biome-rules-validation.test.ts" name="tests/biome-rules-validation.test.ts" time="0">
            <failure message="modulePath is not defined" type="ReferenceError">
ReferenceError: modulePath is not defined
 ❯ tests/mock-utils.ts:29:13
 ❯ tests/setup.ts:32:1
            </failure>
        </testcase>
    </testsuite>
    <testsuite name="tests/bun-compatibility.test.ts" timestamp="2025-09-21T23:33:30.954Z" hostname="AlexJ-N501VW" tests="1" failures="1" errors="0" skipped="0" time="0">
        <testcase classname="tests/bun-compatibility.test.ts" name="tests/bun-compatibility.test.ts" time="0">
            <failure message="modulePath is not defined" type="ReferenceError">
ReferenceError: modulePath is not defined
 ❯ tests/mock-utils.ts:29:13
 ❯ tests/setup.ts:32:1
            </failure>
        </testcase>
    </testsuite>
    <testsuite name="tests/ci-validation.test.ts" timestamp="2025-09-21T23:33:30.959Z" hostname="AlexJ-N501VW" tests="1" failures="1" errors="0" skipped="0" time="0">
        <testcase classname="tests/ci-validation.test.ts" name="tests/ci-validation.test.ts" time="0">
            <failure message="modulePath is not defined" type="ReferenceError">
ReferenceError: modulePath is not defined
 ❯ tests/mock-utils.ts:29:13
 ❯ tests/setup.ts:32:1
            </failure>
        </testcase>
    </testsuite>
    <testsuite name="tests/comprehensive-validation.test.ts" timestamp="2025-09-21T23:33:30.966Z" hostname="AlexJ-N501VW" tests="1" failures="1" errors="0" skipped="0" time="0">
        <testcase classname="tests/comprehensive-validation.test.ts" name="tests/comprehensive-validation.test.ts" time="0">
            <failure message="modulePath is not defined" type="ReferenceError">
ReferenceError: modulePath is not defined
 ❯ tests/mock-utils.ts:29:13
 ❯ tests/setup.ts:32:1
            </failure>
        </testcase>
    </testsuite>
    <testsuite name="tests/config-compilation.test.ts" timestamp="2025-09-21T23:33:30.971Z" hostname="AlexJ-N501VW" tests="1" failures="1" errors="0" skipped="0" time="0">
        <testcase classname="tests/config-compilation.test.ts" name="tests/config-compilation.test.ts" time="0">
            <failure message="modulePath is not defined" type="ReferenceError">
ReferenceError: modulePath is not defined
 ❯ tests/mock-utils.ts:29:13
 ❯ tests/setup.ts:32:1
            </failure>
        </testcase>
    </testsuite>
    <testsuite name="tests/migration-validation.test.ts" timestamp="2025-09-21T23:33:30.976Z" hostname="AlexJ-N501VW" tests="1" failures="1" errors="0" skipped="0" time="0">
        <testcase classname="tests/migration-validation.test.ts" name="tests/migration-validation.test.ts" time="0">
            <failure message="modulePath is not defined" type="ReferenceError">
ReferenceError: modulePath is not defined
 ❯ tests/mock-utils.ts:29:13
 ❯ tests/setup.ts:32:1
            </failure>
        </testcase>
    </testsuite>
    <testsuite name="tests/minimal-standalone.test.ts" timestamp="2025-09-21T23:33:30.983Z" hostname="AlexJ-N501VW" tests="1" failures="1" errors="0" skipped="0" time="0">
        <testcase classname="tests/minimal-standalone.test.ts" name="tests/minimal-standalone.test.ts" time="0">
            <failure message="modulePath is not defined" type="ReferenceError">
ReferenceError: modulePath is not defined
 ❯ tests/mock-utils.ts:29:13
 ❯ tests/setup.ts:32:1
            </failure>
        </testcase>
    </testsuite>
    <testsuite name="tests/MockManager.test.ts" timestamp="2025-09-21T23:33:30.987Z" hostname="AlexJ-N501VW" tests="1" failures="1" errors="0" skipped="0" time="0">
        <testcase classname="tests/MockManager.test.ts" name="tests/MockManager.test.ts" time="0">
            <failure message="modulePath is not defined" type="ReferenceError">
ReferenceError: modulePath is not defined
 ❯ tests/mock-utils.ts:29:13
 ❯ tests/setup.ts:32:1
            </failure>
        </testcase>
    </testsuite>
    <testsuite name="tests/regression-prevention.test.ts" timestamp="2025-09-21T23:33:30.992Z" hostname="AlexJ-N501VW" tests="1" failures="1" errors="0" skipped="0" time="0">
        <testcase classname="tests/regression-prevention.test.ts" name="tests/regression-prevention.test.ts" time="0">
            <failure message="modulePath is not defined" type="ReferenceError">
ReferenceError: modulePath is not defined
 ❯ tests/mock-utils.ts:29:13
 ❯ tests/setup.ts:32:1
            </failure>
        </testcase>
    </testsuite>
    <testsuite name="tests/regression-validation.test.ts" timestamp="2025-09-21T23:33:30.999Z" hostname="AlexJ-N501VW" tests="1" failures="1" errors="0" skipped="0" time="0">
        <testcase classname="tests/regression-validation.test.ts" name="tests/regression-validation.test.ts" time="0">
            <failure message="modulePath is not defined" type="ReferenceError">
ReferenceError: modulePath is not defined
 ❯ tests/mock-utils.ts:29:13
 ❯ tests/setup.ts:32:1
            </failure>
        </testcase>
    </testsuite>
    <testsuite name="tests/ResourceController.test.ts" timestamp="2025-09-21T23:33:31.003Z" hostname="AlexJ-N501VW" tests="1" failures="1" errors="0" skipped="0" time="0">
        <testcase classname="tests/ResourceController.test.ts" name="tests/ResourceController.test.ts" time="0">
            <failure message="modulePath is not defined" type="ReferenceError">
ReferenceError: modulePath is not defined
 ❯ tests/mock-utils.ts:29:13
 ❯ tests/setup.ts:32:1
            </failure>
        </testcase>
    </testsuite>
    <testsuite name="tests/simple-test.test.ts" timestamp="2025-09-21T23:33:31.005Z" hostname="AlexJ-N501VW" tests="1" failures="1" errors="0" skipped="0" time="0">
        <testcase classname="tests/simple-test.test.ts" name="tests/simple-test.test.ts" time="0">
            <failure message="modulePath is not defined" type="ReferenceError">
ReferenceError: modulePath is not defined
 ❯ tests/mock-utils.ts:29:13
 ❯ tests/setup.ts:32:1
            </failure>
        </testcase>
    </testsuite>
    <testsuite name="tests/standalone-test.test.ts" timestamp="2025-09-21T23:33:31.009Z" hostname="AlexJ-N501VW" tests="1" failures="1" errors="0" skipped="0" time="0">
        <testcase classname="tests/standalone-test.test.ts" name="tests/standalone-test.test.ts" time="0">
            <failure message="modulePath is not defined" type="ReferenceError">
ReferenceError: modulePath is not defined
 ❯ tests/mock-utils.ts:29:13
 ❯ tests/setup.ts:32:1
            </failure>
        </testcase>
    </testsuite>
    <testsuite name="tests/test-isolation.test.ts" timestamp="2025-09-21T23:33:31.014Z" hostname="AlexJ-N501VW" tests="1" failures="1" errors="0" skipped="0" time="0">
        <testcase classname="tests/test-isolation.test.ts" name="tests/test-isolation.test.ts" time="0">
            <failure message="modulePath is not defined" type="ReferenceError">
ReferenceError: modulePath is not defined
 ❯ tests/mock-utils.ts:29:13
 ❯ tests/setup.ts:32:1
            </failure>
        </testcase>
    </testsuite>
    <testsuite name="tests/TestExecutor-minimal.test.ts" timestamp="2025-09-21T23:33:31.018Z" hostname="AlexJ-N501VW" tests="1" failures="1" errors="0" skipped="0" time="0">
        <testcase classname="tests/TestExecutor-minimal.test.ts" name="tests/TestExecutor-minimal.test.ts" time="0">
            <failure message="modulePath is not defined" type="ReferenceError">
ReferenceError: modulePath is not defined
 ❯ tests/mock-utils.ts:29:13
 ❯ tests/setup.ts:32:1
            </failure>
        </testcase>
    </testsuite>
    <testsuite name="tests/TestExecutor.test.ts" timestamp="2025-09-21T23:33:31.020Z" hostname="AlexJ-N501VW" tests="1" failures="1" errors="0" skipped="0" time="0">
        <testcase classname="tests/TestExecutor.test.ts" name="tests/TestExecutor.test.ts" time="0">
            <failure message="modulePath is not defined" type="ReferenceError">
ReferenceError: modulePath is not defined
 ❯ tests/mock-utils.ts:29:13
 ❯ tests/setup.ts:32:1
            </failure>
        </testcase>
    </testsuite>
    <testsuite name="tests/type-checking.test.ts" timestamp="2025-09-21T23:33:31.023Z" hostname="AlexJ-N501VW" tests="1" failures="1" errors="0" skipped="0" time="0">
        <testcase classname="tests/type-checking.test.ts" name="tests/type-checking.test.ts" time="0">
            <failure message="modulePath is not defined" type="ReferenceError">
ReferenceError: modulePath is not defined
 ❯ tests/mock-utils.ts:29:13
 ❯ tests/setup.ts:32:1
            </failure>
        </testcase>
    </testsuite>
    <testsuite name="tests/e2e/analysis.test.ts" timestamp="2025-09-21T23:33:31.026Z" hostname="AlexJ-N501VW" tests="1" failures="1" errors="0" skipped="0" time="0">
        <testcase classname="tests/e2e/analysis.test.ts" name="tests/e2e/analysis.test.ts" time="0">
            <failure message="modulePath is not defined" type="ReferenceError">
ReferenceError: modulePath is not defined
 ❯ tests/mock-utils.ts:29:13
 ❯ tests/setup.ts:32:1
            </failure>
        </testcase>
    </testsuite>
    <testsuite name="tests/e2e/cli.test.ts" timestamp="2025-09-21T23:33:31.030Z" hostname="AlexJ-N501VW" tests="1" failures="1" errors="0" skipped="0" time="0">
        <testcase classname="tests/e2e/cli.test.ts" name="tests/e2e/cli.test.ts" time="0">
            <failure message="modulePath is not defined" type="ReferenceError">
ReferenceError: modulePath is not defined
 ❯ tests/mock-utils.ts:29:13
 ❯ tests/setup.ts:32:1
            </failure>
        </testcase>
    </testsuite>
    <testsuite name="tests/e2e/mock-integration.test.ts" timestamp="2025-09-21T23:33:31.033Z" hostname="AlexJ-N501VW" tests="1" failures="1" errors="0" skipped="0" time="0">
        <testcase classname="tests/e2e/mock-integration.test.ts" name="tests/e2e/mock-integration.test.ts" time="0">
            <failure message="modulePath is not defined" type="ReferenceError">
ReferenceError: modulePath is not defined
 ❯ tests/mock-utils.ts:29:13
 ❯ tests/setup.ts:32:1
            </failure>
        </testcase>
    </testsuite>
    <testsuite name="tests/e2e/performance.test.ts" timestamp="2025-09-21T23:33:31.036Z" hostname="AlexJ-N501VW" tests="1" failures="1" errors="0" skipped="0" time="0">
        <testcase classname="tests/e2e/performance.test.ts" name="tests/e2e/performance.test.ts" time="0">
            <failure message="modulePath is not defined" type="ReferenceError">
ReferenceError: modulePath is not defined
 ❯ tests/mock-utils.ts:29:13
 ❯ tests/setup.ts:32:1
            </failure>
        </testcase>
    </testsuite>
    <testsuite name="tests/integration/core-functionality.test.ts" timestamp="2025-09-21T23:33:31.038Z" hostname="AlexJ-N501VW" tests="1" failures="1" errors="0" skipped="0" time="0">
        <testcase classname="tests/integration/core-functionality.test.ts" name="tests/integration/core-functionality.test.ts" time="0">
            <failure message="modulePath is not defined" type="ReferenceError">
ReferenceError: modulePath is not defined
 ❯ tests/mock-utils.ts:29:13
 ❯ tests/setup.ts:32:1
            </failure>
        </testcase>
    </testsuite>
    <testsuite name="tests/__tests__/ci-configuration.test.ts" timestamp="2025-09-21T23:33:31.041Z" hostname="AlexJ-N501VW" tests="1" failures="1" errors="0" skipped="0" time="0">
        <testcase classname="tests/__tests__/ci-configuration.test.ts" name="tests/__tests__/ci-configuration.test.ts" time="0">
            <failure message="modulePath is not defined" type="ReferenceError">
ReferenceError: modulePath is not defined
 ❯ tests/mock-utils.ts:29:13
 ❯ tests/setup.ts:32:1
            </failure>
        </testcase>
    </testsuite>
    <testsuite name="packages/cli/src/__tests__/cli-integration.test.ts" timestamp="2025-09-21T23:33:31.043Z" hostname="AlexJ-N501VW" tests="4" failures="0" errors="0" skipped="0" time="0.0047028">
        <testcase classname="packages/cli/src/__tests__/cli-integration.test.ts" name="CLI Integration Tests &gt; Mock Manager Integration &gt; should properly setup and cleanup mocks" time="0.0011109">
        </testcase>
        <testcase classname="packages/cli/src/__tests__/cli-integration.test.ts" name="CLI Integration Tests &gt; API Client Mock Setup &gt; should create API client mock" time="0.0005177">
        </testcase>
        <testcase classname="packages/cli/src/__tests__/cli-integration.test.ts" name="CLI Integration Tests &gt; Progress Tracker Mock Setup &gt; should create progress tracker mock" time="0.0007846">
        </testcase>
        <testcase classname="packages/cli/src/__tests__/cli-integration.test.ts" name="CLI Integration Tests &gt; File System Mock Setup &gt; should create file system mocks" time="0.0014272">
        </testcase>
    </testsuite>
    <testsuite name="packages/cli/src/__tests__/utils.test.ts" timestamp="2025-09-21T23:33:31.050Z" hostname="AlexJ-N501VW" tests="7" failures="0" errors="0" skipped="0" time="0.0452261">
        <testcase classname="packages/cli/src/__tests__/utils.test.ts" name="CLI Utilities Tests &gt; Error Handler &gt; should create CLIError with message" time="0.0036374">
        </testcase>
        <testcase classname="packages/cli/src/__tests__/utils.test.ts" name="CLI Utilities Tests &gt; Error Handler &gt; should create CLIError with message and type" time="0.0007234">
        </testcase>
        <testcase classname="packages/cli/src/__tests__/utils.test.ts" name="CLI Utilities Tests &gt; Error Handler &gt; should create CLIError with default type" time="0.0005966">
        </testcase>
        <testcase classname="packages/cli/src/__tests__/utils.test.ts" name="CLI Utilities Tests &gt; Mock Integration &gt; should properly use mocked modules" time="0.0053641">
        </testcase>
        <testcase classname="packages/cli/src/__tests__/utils.test.ts" name="CLI Utilities Tests &gt; Mock Function Behavior &gt; should create and use mock functions" time="0.0278195">
        </testcase>
        <testcase classname="packages/cli/src/__tests__/utils.test.ts" name="CLI Utilities Tests &gt; Mock Function Behavior &gt; should track mock function calls" time="0.0012827">
        </testcase>
        <testcase classname="packages/cli/src/__tests__/utils.test.ts" name="CLI Utilities Tests &gt; Object Mocking &gt; should create mock objects with methods" time="0.0020828">
        </testcase>
    </testsuite>
    <testsuite name="packages/cli/src/utils/__tests__/config.test.ts" timestamp="2025-09-21T23:33:31.054Z" hostname="AlexJ-N501VW" tests="5" failures="0" errors="0" skipped="0" time="0.006154">
        <testcase classname="packages/cli/src/utils/__tests__/config.test.ts" name="CLI Configuration Tests &gt; Mock Configuration Setup &gt; should create configuration mocks" time="0.0019525">
        </testcase>
        <testcase classname="packages/cli/src/utils/__tests__/config.test.ts" name="CLI Configuration Tests &gt; Mock Configuration Setup &gt; should mock configuration methods" time="0.0017552">
        </testcase>
        <testcase classname="packages/cli/src/utils/__tests__/config.test.ts" name="CLI Configuration Tests &gt; User Preferences Mock &gt; should mock user preferences structure" time="0.0008007">
        </testcase>
        <testcase classname="packages/cli/src/utils/__tests__/config.test.ts" name="CLI Configuration Tests &gt; Analysis Options Mock &gt; should mock analysis options" time="0.0005431">
        </testcase>
        <testcase classname="packages/cli/src/utils/__tests__/config.test.ts" name="CLI Configuration Tests &gt; Mock Manager Integration &gt; should properly use MockManager" time="0.0008625">
        </testcase>
    </testsuite>
    <testsuite name="packages/backend/src/__tests__/end-to-end-workflows.test.ts" timestamp="2025-09-21T23:33:31.057Z" hostname="AlexJ-N501VW" tests="6" failures="0" errors="0" skipped="0" time="0">
        <testcase classname="packages/backend/src/__tests__/end-to-end-workflows.test.ts" name="End-to-End User Workflow Tests &gt; Complete Repository Analysis Workflow &gt; should handle successful repository analysis from start to finish" time="0">
        </testcase>
        <testcase classname="packages/backend/src/__tests__/end-to-end-workflows.test.ts" name="End-to-End User Workflow Tests &gt; Complete Repository Analysis Workflow &gt; should handle repository analysis with path validation errors" time="0">
        </testcase>
        <testcase classname="packages/backend/src/__tests__/end-to-end-workflows.test.ts" name="End-to-End User Workflow Tests &gt; Complete Repository Analysis Workflow &gt; should handle timeout scenarios gracefully" time="0">
        </testcase>
        <testcase classname="packages/backend/src/__tests__/end-to-end-workflows.test.ts" name="End-to-End User Workflow Tests &gt; Complete Repository Analysis Workflow &gt; should handle cancellation scenarios" time="0">
        </testcase>
        <testcase classname="packages/backend/src/__tests__/end-to-end-workflows.test.ts" name="End-to-End User Workflow Tests &gt; Settings Tab Path Input Workflow &gt; should simulate settings tab path validation workflow" time="0">
        </testcase>
        <testcase classname="packages/backend/src/__tests__/end-to-end-workflows.test.ts" name="End-to-End User Workflow Tests &gt; Analyze Tab Path Input Workflow &gt; should simulate analyze tab repository selection workflow" time="0">
        </testcase>
    </testsuite>
    <testsuite name="packages/backend/src/__tests__/file-type-filtering.test.ts" timestamp="2025-09-21T23:33:31.061Z" hostname="AlexJ-N501VW" tests="6" failures="0" errors="0" skipped="0" time="0">
        <testcase classname="packages/backend/src/__tests__/file-type-filtering.test.ts" name="File Type Filtering &gt; should find repositories with .js files" time="0">
        </testcase>
        <testcase classname="packages/backend/src/__tests__/file-type-filtering.test.ts" name="File Type Filtering &gt; should find repositories with .ts files" time="0">
        </testcase>
        <testcase classname="packages/backend/src/__tests__/file-type-filtering.test.ts" name="File Type Filtering &gt; should find repositories with .py files" time="0">
        </testcase>
        <testcase classname="packages/backend/src/__tests__/file-type-filtering.test.ts" name="File Type Filtering &gt; should find repositories with .jsx files" time="0">
        </testcase>
        <testcase classname="packages/backend/src/__tests__/file-type-filtering.test.ts" name="File Type Filtering &gt; should find repositories with multiple file types" time="0">
        </testcase>
        <testcase classname="packages/backend/src/__tests__/file-type-filtering.test.ts" name="File Type Filtering &gt; should assign correct scores for file type matches" time="0">
        </testcase>
    </testsuite>
    <testsuite name="packages/backend/src/__tests__/logging-integration.test.ts" timestamp="2025-09-21T23:33:31.067Z" hostname="AlexJ-N501VW" tests="12" failures="0" errors="0" skipped="0" time="0">
        <testcase classname="packages/backend/src/__tests__/logging-integration.test.ts" name="Logging Integration Tests &gt; File System Operations Logging &gt; should log directory traversal operations" time="0">
        </testcase>
        <testcase classname="packages/backend/src/__tests__/logging-integration.test.ts" name="Logging Integration Tests &gt; File System Operations Logging &gt; should log file read operations" time="0">
        </testcase>
        <testcase classname="packages/backend/src/__tests__/logging-integration.test.ts" name="Logging Integration Tests &gt; File System Operations Logging &gt; should log file system errors with classification" time="0">
        </testcase>
        <testcase classname="packages/backend/src/__tests__/logging-integration.test.ts" name="Logging Integration Tests &gt; File System Operations Logging &gt; should log permission errors" time="0">
        </testcase>
        <testcase classname="packages/backend/src/__tests__/logging-integration.test.ts" name="Logging Integration Tests &gt; Repository Analysis Logging &gt; should log repository analysis lifecycle" time="0">
        </testcase>
        <testcase classname="packages/backend/src/__tests__/logging-integration.test.ts" name="Logging Integration Tests &gt; Repository Analysis Logging &gt; should log analysis errors with classification" time="0">
        </testcase>
        <testcase classname="packages/backend/src/__tests__/logging-integration.test.ts" name="Logging Integration Tests &gt; LLM Provider Logging &gt; should log LLM provider interactions" time="0">
        </testcase>
        <testcase classname="packages/backend/src/__tests__/logging-integration.test.ts" name="Logging Integration Tests &gt; LLM Provider Logging &gt; should log LLM provider errors with classification" time="0">
        </testcase>
        <testcase classname="packages/backend/src/__tests__/logging-integration.test.ts" name="Logging Integration Tests &gt; Error Correlation and Tracking &gt; should maintain request correlation across operations" time="0">
        </testcase>
        <testcase classname="packages/backend/src/__tests__/logging-integration.test.ts" name="Logging Integration Tests &gt; Error Correlation and Tracking &gt; should log performance metrics for operations" time="0">
        </testcase>
        <testcase classname="packages/backend/src/__tests__/logging-integration.test.ts" name="Logging Integration Tests &gt; Log Content Validation &gt; should redact sensitive information from logs" time="0">
        </testcase>
        <testcase classname="packages/backend/src/__tests__/logging-integration.test.ts" name="Logging Integration Tests &gt; Log Content Validation &gt; should include appropriate context in error logs" time="0">
        </testcase>
    </testsuite>
    <testsuite name="packages/backend/src/__tests__/logging-system-integration.test.ts" timestamp="2025-09-21T23:33:31.073Z" hostname="AlexJ-N501VW" tests="14" failures="0" errors="0" skipped="0" time="0">
        <testcase classname="packages/backend/src/__tests__/logging-system-integration.test.ts" name="Logging System Integration Tests &gt; Log Correlation Across Components &gt; should maintain request ID correlation across path validation and logging" time="0">
        </testcase>
        <testcase classname="packages/backend/src/__tests__/logging-system-integration.test.ts" name="Logging System Integration Tests &gt; Log Correlation Across Components &gt; should correlate logs across multiple service interactions" time="0">
        </testcase>
        <testcase classname="packages/backend/src/__tests__/logging-system-integration.test.ts" name="Logging System Integration Tests &gt; Log Correlation Across Components &gt; should handle error correlation across service boundaries" time="0">
        </testcase>
        <testcase classname="packages/backend/src/__tests__/logging-system-integration.test.ts" name="Logging System Integration Tests &gt; External Logging Service Integration &gt; should format logs correctly for external services" time="0">
        </testcase>
        <testcase classname="packages/backend/src/__tests__/logging-system-integration.test.ts" name="Logging System Integration Tests &gt; External Logging Service Integration &gt; should handle external service failures gracefully" time="0">
        </testcase>
        <testcase classname="packages/backend/src/__tests__/logging-system-integration.test.ts" name="Logging System Integration Tests &gt; External Logging Service Integration &gt; should redact sensitive data in external logs" time="0">
        </testcase>
        <testcase classname="packages/backend/src/__tests__/logging-system-integration.test.ts" name="Logging System Integration Tests &gt; Logging Performance Under Load &gt; should handle high-volume logging without blocking" time="0">
        </testcase>
        <testcase classname="packages/backend/src/__tests__/logging-system-integration.test.ts" name="Logging System Integration Tests &gt; Logging Performance Under Load &gt; should handle concurrent logging from multiple components" time="0">
        </testcase>
        <testcase classname="packages/backend/src/__tests__/logging-system-integration.test.ts" name="Logging System Integration Tests &gt; Logging Performance Under Load &gt; should maintain performance during log rotation" time="0">
        </testcase>
        <testcase classname="packages/backend/src/__tests__/logging-system-integration.test.ts" name="Logging System Integration Tests &gt; Log Format and Content Validation &gt; should produce valid JSON format logs" time="0">
        </testcase>
        <testcase classname="packages/backend/src/__tests__/logging-system-integration.test.ts" name="Logging System Integration Tests &gt; Log Format and Content Validation &gt; should include proper error details in error logs" time="0">
        </testcase>
        <testcase classname="packages/backend/src/__tests__/logging-system-integration.test.ts" name="Logging System Integration Tests &gt; Log Format and Content Validation &gt; should handle special characters and unicode in logs" time="0">
        </testcase>
        <testcase classname="packages/backend/src/__tests__/logging-system-integration.test.ts" name="Logging System Integration Tests &gt; Log Format and Content Validation &gt; should validate log entry structure consistency" time="0">
        </testcase>
        <testcase classname="packages/backend/src/__tests__/logging-system-integration.test.ts" name="Logging System Integration Tests &gt; HTTP Request/Response Logging Integration &gt; should log HTTP requests with proper correlation" time="0">
        </testcase>
    </testsuite>
    <testsuite name="packages/backend/src/__tests__/performance-load.test.ts" timestamp="2025-09-21T23:33:31.084Z" hostname="AlexJ-N501VW" tests="11" failures="0" errors="0" skipped="0" time="0">
        <testcase classname="packages/backend/src/__tests__/performance-load.test.ts" name="Performance and Load Testing &gt; Path Validation Performance &gt; should validate single paths within acceptable time limits" time="0">
        </testcase>
        <testcase classname="packages/backend/src/__tests__/performance-load.test.ts" name="Performance and Load Testing &gt; Path Validation Performance &gt; should handle concurrent path validations efficiently" time="0">
        </testcase>
        <testcase classname="packages/backend/src/__tests__/performance-load.test.ts" name="Performance and Load Testing &gt; Path Validation Performance &gt; should handle large directory structures efficiently" time="0">
        </testcase>
        <testcase classname="packages/backend/src/__tests__/performance-load.test.ts" name="Performance and Load Testing &gt; Path Validation Performance &gt; should maintain performance with path caching" time="0">
        </testcase>
        <testcase classname="packages/backend/src/__tests__/performance-load.test.ts" name="Performance and Load Testing &gt; Logging Performance Under Load &gt; should handle high-volume logging without significant performance degradation" time="0">
        </testcase>
        <testcase classname="packages/backend/src/__tests__/performance-load.test.ts" name="Performance and Load Testing &gt; Logging Performance Under Load &gt; should handle concurrent logging from multiple components efficiently" time="0">
        </testcase>
        <testcase classname="packages/backend/src/__tests__/performance-load.test.ts" name="Performance and Load Testing &gt; Logging Performance Under Load &gt; should maintain performance during log rotation under load" time="0">
        </testcase>
        <testcase classname="packages/backend/src/__tests__/performance-load.test.ts" name="Performance and Load Testing &gt; Memory Usage and Resource Management &gt; should not leak memory during extended operations" time="0">
        </testcase>
        <testcase classname="packages/backend/src/__tests__/performance-load.test.ts" name="Performance and Load Testing &gt; Memory Usage and Resource Management &gt; should maintain stable memory usage under repeated load" time="0">
        </testcase>
        <testcase classname="packages/backend/src/__tests__/performance-load.test.ts" name="Performance and Load Testing &gt; Memory Usage and Resource Management &gt; should handle resource cleanup properly" time="0">
        </testcase>
        <testcase classname="packages/backend/src/__tests__/performance-load.test.ts" name="Performance and Load Testing &gt; Stress Testing &gt; should handle extreme load without crashing" time="0">
        </testcase>
    </testsuite>
    <testsuite name="packages/backend/src/__tests__/performance.test.ts" timestamp="2025-09-21T23:33:31.090Z" hostname="AlexJ-N501VW" tests="12" failures="0" errors="0" skipped="0" time="0">
        <testcase classname="packages/backend/src/__tests__/performance.test.ts" name="Performance Tests &gt; Cache Performance &gt; should significantly improve performance on cache hit" time="0">
        </testcase>
        <testcase classname="packages/backend/src/__tests__/performance.test.ts" name="Performance Tests &gt; Cache Performance &gt; should handle cache operations efficiently" time="0">
        </testcase>
        <testcase classname="packages/backend/src/__tests__/performance.test.ts" name="Performance Tests &gt; Cache Performance &gt; should handle cache invalidation patterns efficiently" time="0">
        </testcase>
        <testcase classname="packages/backend/src/__tests__/performance.test.ts" name="Performance Tests &gt; Cache Performance &gt; should handle cache invalidation correctly" time="0">
        </testcase>
        <testcase classname="packages/backend/src/__tests__/performance.test.ts" name="Performance Tests &gt; Cache Performance &gt; should respect TTL settings" time="0">
        </testcase>
        <testcase classname="packages/backend/src/__tests__/performance.test.ts" name="Performance Tests &gt; Deduplication Performance &gt; should deduplicate concurrent identical requests" time="0">
        </testcase>
        <testcase classname="packages/backend/src/__tests__/performance.test.ts" name="Performance Tests &gt; Deduplication Performance &gt; should handle different requests separately" time="0">
        </testcase>
        <testcase classname="packages/backend/src/__tests__/performance.test.ts" name="Performance Tests &gt; Batch Processing Performance &gt; should process multiple repositories efficiently" time="0">
        </testcase>
        <testcase classname="packages/backend/src/__tests__/performance.test.ts" name="Performance Tests &gt; Memory Usage &gt; should not leak memory during repeated analyses" time="0">
        </testcase>
        <testcase classname="packages/backend/src/__tests__/performance.test.ts" name="Performance Tests &gt; Metrics Collection Performance &gt; should collect metrics without significant overhead" time="0">
        </testcase>
        <testcase classname="packages/backend/src/__tests__/performance.test.ts" name="Performance Tests &gt; Metrics Collection Performance &gt; should handle high-frequency metric recording" time="0">
        </testcase>
        <testcase classname="packages/backend/src/__tests__/performance.test.ts" name="Performance Tests &gt; Large Repository Performance &gt; should handle large repositories efficiently" time="0">
        </testcase>
    </testsuite>
    <testsuite name="packages/backend/src/__tests__/platform-integration.test.ts" timestamp="2025-09-21T23:33:31.099Z" hostname="AlexJ-N501VW" tests="24" failures="0" errors="0" skipped="0" time="0">
        <testcase classname="packages/backend/src/__tests__/platform-integration.test.ts" name="Platform-Specific Integration Tests &gt; Windows Path Handling &gt; should handle Windows backslash paths correctly" time="0">
        </testcase>
        <testcase classname="packages/backend/src/__tests__/platform-integration.test.ts" name="Platform-Specific Integration Tests &gt; Windows Path Handling &gt; should handle Windows forward slash paths correctly" time="0">
        </testcase>
        <testcase classname="packages/backend/src/__tests__/platform-integration.test.ts" name="Platform-Specific Integration Tests &gt; Windows Path Handling &gt; should validate Windows drive letters correctly" time="0">
        </testcase>
        <testcase classname="packages/backend/src/__tests__/platform-integration.test.ts" name="Platform-Specific Integration Tests &gt; Windows Path Handling &gt; should detect Windows reserved names" time="0">
        </testcase>
        <testcase classname="packages/backend/src/__tests__/platform-integration.test.ts" name="Platform-Specific Integration Tests &gt; Windows Path Handling &gt; should handle Windows path length limits" time="0">
        </testcase>
        <testcase classname="packages/backend/src/__tests__/platform-integration.test.ts" name="Platform-Specific Integration Tests &gt; Windows Path Handling &gt; should validate UNC paths correctly" time="0">
        </testcase>
        <testcase classname="packages/backend/src/__tests__/platform-integration.test.ts" name="Platform-Specific Integration Tests &gt; Windows Path Handling &gt; should handle Windows invalid characters" time="0">
        </testcase>
        <testcase classname="packages/backend/src/__tests__/platform-integration.test.ts" name="Platform-Specific Integration Tests &gt; Windows Path Handling &gt; should handle paths with trailing spaces and dots" time="0">
        </testcase>
        <testcase classname="packages/backend/src/__tests__/platform-integration.test.ts" name="Platform-Specific Integration Tests &gt; Unix/Linux Path Handling &gt; should handle Unix absolute paths correctly" time="0">
        </testcase>
        <testcase classname="packages/backend/src/__tests__/platform-integration.test.ts" name="Platform-Specific Integration Tests &gt; Unix/Linux Path Handling &gt; should handle Unix relative paths correctly" time="0">
        </testcase>
        <testcase classname="packages/backend/src/__tests__/platform-integration.test.ts" name="Platform-Specific Integration Tests &gt; Unix/Linux Path Handling &gt; should normalize Unix paths with backslashes" time="0">
        </testcase>
        <testcase classname="packages/backend/src/__tests__/platform-integration.test.ts" name="Platform-Specific Integration Tests &gt; Unix/Linux Path Handling &gt; should handle very long Unix paths" time="0">
        </testcase>
        <testcase classname="packages/backend/src/__tests__/platform-integration.test.ts" name="Platform-Specific Integration Tests &gt; Unix/Linux Path Handling &gt; should handle Unix hidden files and directories" time="0">
        </testcase>
        <testcase classname="packages/backend/src/__tests__/platform-integration.test.ts" name="Platform-Specific Integration Tests &gt; Cross-Platform Compatibility &gt; should handle mixed path separators consistently" time="0">
        </testcase>
        <testcase classname="packages/backend/src/__tests__/platform-integration.test.ts" name="Platform-Specific Integration Tests &gt; Cross-Platform Compatibility &gt; should resolve relative paths consistently across platforms" time="0">
        </testcase>
        <testcase classname="packages/backend/src/__tests__/platform-integration.test.ts" name="Platform-Specific Integration Tests &gt; Cross-Platform Compatibility &gt; should handle case sensitivity differences" time="0">
        </testcase>
        <testcase classname="packages/backend/src/__tests__/platform-integration.test.ts" name="Platform-Specific Integration Tests &gt; Performance and Timeout Testing &gt; should timeout path validation after specified time" time="0">
        </testcase>
        <testcase classname="packages/backend/src/__tests__/platform-integration.test.ts" name="Platform-Specific Integration Tests &gt; Performance and Timeout Testing &gt; should support cancellation via AbortSignal" time="0">
        </testcase>
        <testcase classname="packages/backend/src/__tests__/platform-integration.test.ts" name="Platform-Specific Integration Tests &gt; Performance and Timeout Testing &gt; should provide progress updates during validation" time="0">
        </testcase>
        <testcase classname="packages/backend/src/__tests__/platform-integration.test.ts" name="Platform-Specific Integration Tests &gt; Performance and Timeout Testing &gt; should handle concurrent path validations efficiently" time="0">
        </testcase>
        <testcase classname="packages/backend/src/__tests__/platform-integration.test.ts" name="Platform-Specific Integration Tests &gt; End-to-End User Workflow Tests &gt; should handle complete repository analysis workflow" time="0">
        </testcase>
        <testcase classname="packages/backend/src/__tests__/platform-integration.test.ts" name="Platform-Specific Integration Tests &gt; End-to-End User Workflow Tests &gt; should handle user input validation with helpful error messages" time="0">
        </testcase>
        <testcase classname="packages/backend/src/__tests__/platform-integration.test.ts" name="Platform-Specific Integration Tests &gt; End-to-End User Workflow Tests &gt; should handle network path scenarios" time="0">
        </testcase>
        <testcase classname="packages/backend/src/__tests__/platform-integration.test.ts" name="Platform-Specific Integration Tests &gt; End-to-End User Workflow Tests &gt; should integrate with logging system for debugging" time="0">
        </testcase>
    </testsuite>
    <testsuite name="packages/backend/src/__tests__/simple-test.test.ts" timestamp="2025-09-21T23:33:31.110Z" hostname="AlexJ-N501VW" tests="1" failures="0" errors="0" skipped="0" time="0">
        <testcase classname="packages/backend/src/__tests__/simple-test.test.ts" name="Simple test &gt; should pass" time="0">
        </testcase>
    </testsuite>
    <testsuite name="packages/backend/src/__tests__/test-simple.test.ts" timestamp="2025-09-21T23:33:31.111Z" hostname="AlexJ-N501VW" tests="1" failures="0" errors="0" skipped="0" time="0">
        <testcase classname="packages/backend/src/__tests__/test-simple.test.ts" name="Simple test &gt; should pass" time="0">
        </testcase>
    </testsuite>
    <testsuite name="packages/backend/__tests__/utils/fileImportance.test.ts" timestamp="2025-09-21T23:33:31.114Z" hostname="AlexJ-N501VW" tests="15" failures="0" errors="0" skipped="0" time="0">
        <testcase classname="packages/backend/__tests__/utils/fileImportance.test.ts" name="File Importance Utilities &gt; IMPORTANT_FILE_PATTERNS constant &gt; should contain definitions for important file categories" time="0">
        </testcase>
        <testcase classname="packages/backend/__tests__/utils/fileImportance.test.ts" name="File Importance Utilities &gt; IMPORTANT_FILE_PATTERNS constant &gt; should have patterns defined for each category" time="0">
        </testcase>
        <testcase classname="packages/backend/__tests__/utils/fileImportance.test.ts" name="File Importance Utilities &gt; IMPORTANT_EXTENSIONS constant &gt; should contain definitions for important file extensions by language" time="0">
        </testcase>
        <testcase classname="packages/backend/__tests__/utils/fileImportance.test.ts" name="File Importance Utilities &gt; IMPORTANT_EXTENSIONS constant &gt; should have extensions defined for each language category" time="0">
        </testcase>
        <testcase classname="packages/backend/__tests__/utils/fileImportance.test.ts" name="File Importance Utilities &gt; calculateImportanceFactors &gt; should calculate importance factors for a file" time="0">
        </testcase>
        <testcase classname="packages/backend/__tests__/utils/fileImportance.test.ts" name="File Importance Utilities &gt; calculateImportanceFactors &gt; should give higher name score to important configuration files" time="0">
        </testcase>
        <testcase classname="packages/backend/__tests__/utils/fileImportance.test.ts" name="File Importance Utilities &gt; calculateImportanceFactors &gt; should give higher name score to entry point files" time="0">
        </testcase>
        <testcase classname="packages/backend/__tests__/utils/fileImportance.test.ts" name="File Importance Utilities &gt; calculateImportanceFactors &gt; should give higher location score to files at the root" time="0">
        </testcase>
        <testcase classname="packages/backend/__tests__/utils/fileImportance.test.ts" name="File Importance Utilities &gt; calculateImportanceFactors &gt; should give higher location score to files in core directories" time="0">
        </testcase>
        <testcase classname="packages/backend/__tests__/utils/fileImportance.test.ts" name="File Importance Utilities &gt; calculateImportanceFactors &gt; should give optimal size score to medium-sized files" time="0">
        </testcase>
        <testcase classname="packages/backend/__tests__/utils/fileImportance.test.ts" name="File Importance Utilities &gt; calculateFileImportance &gt; should calculate importance score between 0 and 1" time="0">
        </testcase>
        <testcase classname="packages/backend/__tests__/utils/fileImportance.test.ts" name="File Importance Utilities &gt; calculateFileImportance &gt; should give higher scores to important files" time="0">
        </testcase>
        <testcase classname="packages/backend/__tests__/utils/fileImportance.test.ts" name="File Importance Utilities &gt; sortFilesByImportance &gt; should sort files by importance score in descending order" time="0">
        </testcase>
        <testcase classname="packages/backend/__tests__/utils/fileImportance.test.ts" name="File Importance Utilities &gt; sortFilesByImportance &gt; should handle empty file list" time="0">
        </testcase>
        <testcase classname="packages/backend/__tests__/utils/fileImportance.test.ts" name="File Importance Utilities &gt; sortFilesByImportance &gt; should handle missing file sizes" time="0">
        </testcase>
    </testsuite>
    <testsuite name="packages/backend/__tests__/utils/fileSystem.test.ts" timestamp="2025-09-21T23:33:31.122Z" hostname="AlexJ-N501VW" tests="14" failures="0" errors="0" skipped="0" time="0">
        <testcase classname="packages/backend/__tests__/utils/fileSystem.test.ts" name="File System Utilities &gt; traverseDirectory &gt; should traverse a directory and return files and directories" time="0">
        </testcase>
        <testcase classname="packages/backend/__tests__/utils/fileSystem.test.ts" name="File System Utilities &gt; traverseDirectory &gt; should respect maxDepth option" time="0">
        </testcase>
        <testcase classname="packages/backend/__tests__/utils/fileSystem.test.ts" name="File System Utilities &gt; traverseDirectory &gt; should respect maxFiles option" time="0">
        </testcase>
        <testcase classname="packages/backend/__tests__/utils/fileSystem.test.ts" name="File System Utilities &gt; traverseDirectory &gt; should respect ignorePatterns option" time="0">
        </testcase>
        <testcase classname="packages/backend/__tests__/utils/fileSystem.test.ts" name="File System Utilities &gt; traverseDirectory &gt; should respect fileFilter option" time="0">
        </testcase>
        <testcase classname="packages/backend/__tests__/utils/fileSystem.test.ts" name="File System Utilities &gt; traverseDirectory &gt; should throw FileSystemError for non-existent directory" time="0">
        </testcase>
        <testcase classname="packages/backend/__tests__/utils/fileSystem.test.ts" name="File System Utilities &gt; traverseDirectory &gt; should throw FileSystemError for invalid path" time="0">
        </testcase>
        <testcase classname="packages/backend/__tests__/utils/fileSystem.test.ts" name="File System Utilities &gt; readFileWithErrorHandling &gt; should read a file successfully" time="0">
        </testcase>
        <testcase classname="packages/backend/__tests__/utils/fileSystem.test.ts" name="File System Utilities &gt; readFileWithErrorHandling &gt; should throw FileSystemError for non-existent file" time="0">
        </testcase>
        <testcase classname="packages/backend/__tests__/utils/fileSystem.test.ts" name="File System Utilities &gt; getCommonIgnorePatterns &gt; should return an array of common ignore patterns" time="0">
        </testcase>
        <testcase classname="packages/backend/__tests__/utils/fileSystem.test.ts" name="File System Utilities &gt; readGitignore &gt; should read and parse .gitignore file" time="0">
        </testcase>
        <testcase classname="packages/backend/__tests__/utils/fileSystem.test.ts" name="File System Utilities &gt; readGitignore &gt; should return empty array if .gitignore does not exist" time="0">
        </testcase>
        <testcase classname="packages/backend/__tests__/utils/fileSystem.test.ts" name="File System Utilities &gt; getCombinedIgnorePatterns &gt; should combine gitignore patterns with common and custom patterns" time="0">
        </testcase>
        <testcase classname="packages/backend/__tests__/utils/fileSystem.test.ts" name="File System Utilities &gt; extractDirectoryInfo &gt; should extract directory information from traversal result" time="0">
        </testcase>
    </testsuite>
    <testsuite name="packages/backend/__tests__/utils/languageDetection.test.ts" timestamp="2025-09-21T23:33:31.130Z" hostname="AlexJ-N501VW" tests="13" failures="0" errors="0" skipped="0" time="0">
        <testcase classname="packages/backend/__tests__/utils/languageDetection.test.ts" name="Language Detection Utilities &gt; LANGUAGES constant &gt; should contain definitions for common languages" time="0">
        </testcase>
        <testcase classname="packages/backend/__tests__/utils/languageDetection.test.ts" name="Language Detection Utilities &gt; LANGUAGES constant &gt; should have extensions defined for each language" time="0">
        </testcase>
        <testcase classname="packages/backend/__tests__/utils/languageDetection.test.ts" name="Language Detection Utilities &gt; detectLanguageFromPath &gt; should detect language based on file extension" time="0">
        </testcase>
        <testcase classname="packages/backend/__tests__/utils/languageDetection.test.ts" name="Language Detection Utilities &gt; detectLanguageFromPath &gt; should detect language based on filename" time="0">
        </testcase>
        <testcase classname="packages/backend/__tests__/utils/languageDetection.test.ts" name="Language Detection Utilities &gt; detectLanguageFromPath &gt; should return &quot;Unknown&quot; for unrecognized files" time="0">
        </testcase>
        <testcase classname="packages/backend/__tests__/utils/languageDetection.test.ts" name="Language Detection Utilities &gt; detectLanguageFromShebang &gt; should detect language based on shebang" time="0">
        </testcase>
        <testcase classname="packages/backend/__tests__/utils/languageDetection.test.ts" name="Language Detection Utilities &gt; detectLanguageFromShebang &gt; should return null for content without shebang" time="0">
        </testcase>
        <testcase classname="packages/backend/__tests__/utils/languageDetection.test.ts" name="Language Detection Utilities &gt; detectLanguage &gt; should detect language from file path and content" time="0">
        </testcase>
        <testcase classname="packages/backend/__tests__/utils/languageDetection.test.ts" name="Language Detection Utilities &gt; detectLanguage &gt; should use provided content if available" time="0">
        </testcase>
        <testcase classname="packages/backend/__tests__/utils/languageDetection.test.ts" name="Language Detection Utilities &gt; detectLanguage &gt; should return &quot;Unknown&quot; for unrecognized files" time="0">
        </testcase>
        <testcase classname="packages/backend/__tests__/utils/languageDetection.test.ts" name="Language Detection Utilities &gt; detectFrameworks &gt; should detect frameworks based on file patterns" time="0">
        </testcase>
        <testcase classname="packages/backend/__tests__/utils/languageDetection.test.ts" name="Language Detection Utilities &gt; detectFrameworks &gt; should detect frameworks based on dependencies" time="0">
        </testcase>
        <testcase classname="packages/backend/__tests__/utils/languageDetection.test.ts" name="Language Detection Utilities &gt; detectFrameworks &gt; should return empty array for unrecognized projects" time="0">
        </testcase>
    </testsuite>
    <testsuite name="packages/backend/src/api/__tests__/analyze-workflow.integration.test.ts" timestamp="2025-09-21T23:33:31.136Z" hostname="AlexJ-N501VW" tests="15" failures="0" errors="0" skipped="0" time="0">
        <testcase classname="packages/backend/src/api/__tests__/analyze-workflow.integration.test.ts" name="Complete Analysis Workflow Integration Tests &gt; Windows Path Format Analysis &gt; should analyze repository with Windows backslash path" time="0">
        </testcase>
        <testcase classname="packages/backend/src/api/__tests__/analyze-workflow.integration.test.ts" name="Complete Analysis Workflow Integration Tests &gt; Windows Path Format Analysis &gt; should analyze repository with Windows forward slash path" time="0">
        </testcase>
        <testcase classname="packages/backend/src/api/__tests__/analyze-workflow.integration.test.ts" name="Complete Analysis Workflow Integration Tests &gt; Windows Path Format Analysis &gt; should handle relative paths correctly" time="0">
        </testcase>
        <testcase classname="packages/backend/src/api/__tests__/analyze-workflow.integration.test.ts" name="Complete Analysis Workflow Integration Tests &gt; Error Handling in Analysis Workflow &gt; should provide detailed error for non-existent path" time="0">
        </testcase>
        <testcase classname="packages/backend/src/api/__tests__/analyze-workflow.integration.test.ts" name="Complete Analysis Workflow Integration Tests &gt; Error Handling in Analysis Workflow &gt; should handle file instead of directory" time="0">
        </testcase>
        <testcase classname="packages/backend/src/api/__tests__/analyze-workflow.integration.test.ts" name="Complete Analysis Workflow Integration Tests &gt; Error Handling in Analysis Workflow &gt; should handle invalid path characters" time="0">
        </testcase>
        <testcase classname="packages/backend/src/api/__tests__/analyze-workflow.integration.test.ts" name="Complete Analysis Workflow Integration Tests &gt; Error Handling in Analysis Workflow &gt; should handle reserved names in path" time="0">
        </testcase>
        <testcase classname="packages/backend/src/api/__tests__/analyze-workflow.integration.test.ts" name="Complete Analysis Workflow Integration Tests &gt; Error Handling in Analysis Workflow &gt; should handle very long paths" time="0">
        </testcase>
        <testcase classname="packages/backend/src/api/__tests__/analyze-workflow.integration.test.ts" name="Complete Analysis Workflow Integration Tests &gt; Batch Analysis with Mixed Path Formats &gt; should handle batch analysis with mixed valid and invalid paths" time="0">
        </testcase>
        <testcase classname="packages/backend/src/api/__tests__/analyze-workflow.integration.test.ts" name="Complete Analysis Workflow Integration Tests &gt; Batch Analysis with Mixed Path Formats &gt; should normalize paths consistently in batch analysis" time="0">
        </testcase>
        <testcase classname="packages/backend/src/api/__tests__/analyze-workflow.integration.test.ts" name="Complete Analysis Workflow Integration Tests &gt; Performance and Reliability &gt; should complete analysis within reasonable time" time="0">
        </testcase>
        <testcase classname="packages/backend/src/api/__tests__/analyze-workflow.integration.test.ts" name="Complete Analysis Workflow Integration Tests &gt; Performance and Reliability &gt; should handle concurrent analysis requests" time="0">
        </testcase>
        <testcase classname="packages/backend/src/api/__tests__/analyze-workflow.integration.test.ts" name="Complete Analysis Workflow Integration Tests &gt; Performance and Reliability &gt; should provide consistent results for same repository" time="0">
        </testcase>
        <testcase classname="packages/backend/src/api/__tests__/analyze-workflow.integration.test.ts" name="Complete Analysis Workflow Integration Tests &gt; Path Validation Integration &gt; should validate path before starting analysis" time="0">
        </testcase>
        <testcase classname="packages/backend/src/api/__tests__/analyze-workflow.integration.test.ts" name="Complete Analysis Workflow Integration Tests &gt; Path Validation Integration &gt; should provide consistent error messages between validation and analysis" time="0">
        </testcase>
    </testsuite>
    <testsuite name="packages/backend/src/api/__tests__/api-fixed.test.ts" timestamp="2025-09-21T23:33:31.142Z" hostname="AlexJ-N501VW" tests="1" failures="1" errors="0" skipped="0" time="0">
        <testcase classname="packages/backend/src/api/__tests__/api-fixed.test.ts" name="src/api/__tests__/api-fixed.test.ts" time="0">
            <failure message="Transform failed with 1 error:
C:/Users/AlexJ/Documents/Coding/Repos/my-repos/myRepoAnalyzer/unified-repo-analyzer/packages/backend/src/api/__tests__/api-fixed.test.ts:61:2: ERROR: Expected &quot;}&quot; but found &quot;.&quot;" type="Error">
Error: Transform failed with 1 error:
C:/Users/AlexJ/Documents/Coding/Repos/my-repos/myRepoAnalyzer/unified-repo-analyzer/packages/backend/src/api/__tests__/api-fixed.test.ts:61:2: ERROR: Expected &quot;}&quot; but found &quot;.&quot;
  Plugin: vite:esbuild
  File: C:/Users/AlexJ/Documents/Coding/Repos/my-repos/myRepoAnalyzer/unified-repo-analyzer/packages/backend/src/api/__tests__/api-fixed.test.ts:61:2
  
  Expected &quot;}&quot; but found &quot;.&quot;
  59 |      },
  60 |  // Mock HealthService before importing app
  61 |  vi.mock(&apos;../../services/health.service&apos;, () =&gt; ({
     |    ^
  62 |    HealthService: class MockHealthService {
  63 |      healthCheckHandler = vi.fn();
  
 ❯ failureErrorWithLog ../../node_modules/esbuild/lib/main.js:1467:15
 ❯ ../../node_modules/esbuild/lib/main.js:736:50
 ❯ responseCallbacks.&lt;computed&gt; ../../node_modules/esbuild/lib/main.js:603:9
 ❯ handleIncomingPacket ../../node_modules/esbuild/lib/main.js:658:12
 ❯ Socket.readFromStdout ../../node_modules/esbuild/lib/main.js:581:7
            </failure>
        </testcase>
    </testsuite>
    <testsuite name="packages/backend/src/api/__tests__/api.simple.test.ts" timestamp="2025-09-21T23:33:31.145Z" hostname="AlexJ-N501VW" tests="2" failures="0" errors="0" skipped="0" time="0">
        <testcase classname="packages/backend/src/api/__tests__/api.simple.test.ts" name="API Simple Integration Tests &gt; Health Check &gt; should return health status" time="0">
        </testcase>
        <testcase classname="packages/backend/src/api/__tests__/api.simple.test.ts" name="API Simple Integration Tests &gt; API Routes &gt; should handle 404 for unknown routes" time="0">
        </testcase>
    </testsuite>
    <testsuite name="packages/backend/src/api/__tests__/api.test.ts" timestamp="2025-09-21T23:33:31.147Z" hostname="AlexJ-N501VW" tests="10" failures="0" errors="0" skipped="0" time="0">
        <testcase classname="packages/backend/src/api/__tests__/api.test.ts" name="API Integration Tests &gt; Health Check &gt; should return status ok" time="0">
        </testcase>
[...]
        </testcase>
        <testcase classname="packages/frontend/src/components/error/__tests__/EnhancedErrorDisplay.test.tsx" name="EnhancedErrorDisplay &gt; should handle retry callback" time="0">
        </testcase>
        <testcase classname="packages/frontend/src/components/error/__tests__/EnhancedErrorDisplay.test.tsx" name="EnhancedErrorDisplay &gt; should handle dismiss callback" time="0">
        </testcase>
        <testcase classname="packages/frontend/src/components/error/__tests__/EnhancedErrorDisplay.test.tsx" name="EnhancedErrorDisplay &gt; should render in compact mode" time="0">
        </testcase>
        <testcase classname="packages/frontend/src/components/error/__tests__/EnhancedErrorDisplay.test.tsx" name="EnhancedErrorDisplay &gt; should not render when dismissed" time="0">
        </testcase>
        <testcase classname="packages/frontend/src/components/error/__tests__/EnhancedErrorDisplay.test.tsx" name="EnhancedErrorDisplay &gt; should render warning message when no errors but warnings exist" time="0">
        </testcase>
        <testcase classname="packages/frontend/src/components/error/__tests__/EnhancedErrorDisplay.test.tsx" name="EnhancedErrorDisplay &gt; should not render when no errors, warnings, or user-friendly error" time="0">
        </testcase>
        <testcase classname="packages/frontend/src/components/error/__tests__/EnhancedErrorDisplay.test.tsx" name="EnhancedErrorDisplay &gt; should render appropriate icon for different severities" time="0">
        </testcase>
        <testcase classname="packages/frontend/src/components/error/__tests__/EnhancedErrorDisplay.test.tsx" name="EnhancedErrorDisplay &gt; should hide suggestions when showSuggestions is false" time="0">
        </testcase>
        <testcase classname="packages/frontend/src/components/error/__tests__/EnhancedErrorDisplay.test.tsx" name="EnhancedErrorDisplay &gt; should hide technical details when showTechnicalDetails is false" time="0">
        </testcase>
        <testcase classname="packages/frontend/src/components/error/__tests__/EnhancedErrorDisplay.test.tsx" name="EnhancedErrorDisplay &gt; should apply custom className" time="0">
        </testcase>
        <testcase classname="packages/frontend/src/components/error/__tests__/EnhancedErrorDisplay.test.tsx" name="EnhancedErrorDisplay &gt; should create error message from path errors when no user-friendly error provided" time="0">
        </testcase>
        <testcase classname="packages/frontend/src/components/error/__tests__/EnhancedErrorDisplay.test.tsx" name="EnhancedErrorDisplay &gt; Accessibility &gt; should have proper ARIA attributes" time="0">
        </testcase>
        <testcase classname="packages/frontend/src/components/error/__tests__/EnhancedErrorDisplay.test.tsx" name="EnhancedErrorDisplay &gt; Accessibility &gt; should have proper focus management" time="0">
        </testcase>
        <testcase classname="packages/frontend/src/components/error/__tests__/EnhancedErrorDisplay.test.tsx" name="EnhancedErrorDisplay &gt; Error message quality &gt; should display clear and actionable error messages" time="0">
        </testcase>
        <testcase classname="packages/frontend/src/components/error/__tests__/EnhancedErrorDisplay.test.tsx" name="EnhancedErrorDisplay &gt; Error message quality &gt; should provide contextual help for different error categories" time="0">
        </testcase>
    </testsuite>
    <testsuite name="packages/frontend/src/components/error/__tests__/ErrorBoundary.test.tsx" timestamp="2025-09-21T23:33:31.619Z" hostname="AlexJ-N501VW" tests="7" failures="0" errors="0" skipped="0" time="0">
        <testcase classname="packages/frontend/src/components/error/__tests__/ErrorBoundary.test.tsx" name="ErrorBoundary &gt; renders children when there is no error" time="0">
        </testcase>
        <testcase classname="packages/frontend/src/components/error/__tests__/ErrorBoundary.test.tsx" name="ErrorBoundary &gt; renders error UI when child component throws" time="0">
        </testcase>
        <testcase classname="packages/frontend/src/components/error/__tests__/ErrorBoundary.test.tsx" name="ErrorBoundary &gt; calls onError callback when error occurs" time="0">
        </testcase>
        <testcase classname="packages/frontend/src/components/error/__tests__/ErrorBoundary.test.tsx" name="ErrorBoundary &gt; renders custom fallback when provided" time="0">
        </testcase>
        <testcase classname="packages/frontend/src/components/error/__tests__/ErrorBoundary.test.tsx" name="ErrorBoundary &gt; resets error state when retry button is clicked" time="0">
        </testcase>
        <testcase classname="packages/frontend/src/components/error/__tests__/ErrorBoundary.test.tsx" name="ErrorBoundary &gt; shows error details in development mode" time="0">
        </testcase>
        <testcase classname="packages/frontend/src/components/error/__tests__/ErrorBoundary.test.tsx" name="ErrorBoundary &gt; hides error details in production mode" time="0">
        </testcase>
    </testsuite>
    <testsuite name="packages/frontend/src/components/error/__tests__/Toast.test.tsx" timestamp="2025-09-21T23:33:31.622Z" hostname="AlexJ-N501VW" tests="8" failures="0" errors="0" skipped="0" time="0">
        <testcase classname="packages/frontend/src/components/error/__tests__/Toast.test.tsx" name="Toast &gt; renders toast with title and message" time="0">
        </testcase>
        <testcase classname="packages/frontend/src/components/error/__tests__/Toast.test.tsx" name="Toast &gt; renders different toast types with appropriate styling" time="0">
        </testcase>
        <testcase classname="packages/frontend/src/components/error/__tests__/Toast.test.tsx" name="Toast &gt; calls onClose when close button is clicked" time="0">
        </testcase>
        <testcase classname="packages/frontend/src/components/error/__tests__/Toast.test.tsx" name="Toast &gt; auto-closes after specified duration" time="0">
        </testcase>
        <testcase classname="packages/frontend/src/components/error/__tests__/Toast.test.tsx" name="Toast &gt; does not auto-close when duration is 0" time="0">
        </testcase>
        <testcase classname="packages/frontend/src/components/error/__tests__/Toast.test.tsx" name="Toast &gt; renders and handles action button" time="0">
        </testcase>
        <testcase classname="packages/frontend/src/components/error/__tests__/Toast.test.tsx" name="Toast &gt; renders without message when not provided" time="0">
        </testcase>
        <testcase classname="packages/frontend/src/components/error/__tests__/Toast.test.tsx" name="Toast &gt; renders toast element correctly" time="0">
        </testcase>
    </testsuite>
    <testsuite name="packages/frontend/src/components/repository/__tests__/IntegrationOpportunities.test.tsx" timestamp="2025-09-21T23:33:31.626Z" hostname="AlexJ-N501VW" tests="11" failures="0" errors="0" skipped="0" time="0">
        <testcase classname="packages/frontend/src/components/repository/__tests__/IntegrationOpportunities.test.tsx" name="IntegrationOpportunities &gt; should render all opportunities" time="0">
        </testcase>
        <testcase classname="packages/frontend/src/components/repository/__tests__/IntegrationOpportunities.test.tsx" name="IntegrationOpportunities &gt; should display opportunity details" time="0">
        </testcase>
        <testcase classname="packages/frontend/src/components/repository/__tests__/IntegrationOpportunities.test.tsx" name="IntegrationOpportunities &gt; should filter opportunities by type" time="0">
        </testcase>
        <testcase classname="packages/frontend/src/components/repository/__tests__/IntegrationOpportunities.test.tsx" name="IntegrationOpportunities &gt; should expand opportunity details when clicked" time="0">
        </testcase>
        <testcase classname="packages/frontend/src/components/repository/__tests__/IntegrationOpportunities.test.tsx" name="IntegrationOpportunities &gt; should call onSelectOpportunity when View Details is clicked" time="0">
        </testcase>
        <testcase classname="packages/frontend/src/components/repository/__tests__/IntegrationOpportunities.test.tsx" name="IntegrationOpportunities &gt; should show correct type badges with appropriate colors" time="0">
        </testcase>
        <testcase classname="packages/frontend/src/components/repository/__tests__/IntegrationOpportunities.test.tsx" name="IntegrationOpportunities &gt; should sort opportunities by priority" time="0">
        </testcase>
        <testcase classname="packages/frontend/src/components/repository/__tests__/IntegrationOpportunities.test.tsx" name="IntegrationOpportunities &gt; should show empty state when no opportunities" time="0">
        </testcase>
        <testcase classname="packages/frontend/src/components/repository/__tests__/IntegrationOpportunities.test.tsx" name="IntegrationOpportunities &gt; should show filter counts correctly" time="0">
        </testcase>
        <testcase classname="packages/frontend/src/components/repository/__tests__/IntegrationOpportunities.test.tsx" name="IntegrationOpportunities &gt; should show repository count for each opportunity" time="0">
        </testcase>
        <testcase classname="packages/frontend/src/components/repository/__tests__/IntegrationOpportunities.test.tsx" name="IntegrationOpportunities &gt; should handle different effort levels with appropriate styling" time="0">
        </testcase>
    </testsuite>
    <testsuite name="packages/frontend/src/components/repository/__tests__/Pagination.test.tsx" timestamp="2025-09-21T23:33:31.634Z" hostname="AlexJ-N501VW" tests="7" failures="0" errors="0" skipped="0" time="0">
        <testcase classname="packages/frontend/src/components/repository/__tests__/Pagination.test.tsx" name="Pagination &gt; renders pagination with correct page numbers" time="0">
        </testcase>
        <testcase classname="packages/frontend/src/components/repository/__tests__/Pagination.test.tsx" name="Pagination &gt; handles page changes correctly" time="0">
        </testcase>
        <testcase classname="packages/frontend/src/components/repository/__tests__/Pagination.test.tsx" name="Pagination &gt; handles next and previous buttons correctly" time="0">
        </testcase>
        <testcase classname="packages/frontend/src/components/repository/__tests__/Pagination.test.tsx" name="Pagination &gt; disables previous button on first page" time="0">
        </testcase>
        <testcase classname="packages/frontend/src/components/repository/__tests__/Pagination.test.tsx" name="Pagination &gt; disables next button on last page" time="0">
        </testcase>
        <testcase classname="packages/frontend/src/components/repository/__tests__/Pagination.test.tsx" name="Pagination &gt; handles small number of pages correctly" time="0">
        </testcase>
        <testcase classname="packages/frontend/src/components/repository/__tests__/Pagination.test.tsx" name="Pagination &gt; shows mobile pagination indicator" time="0">
        </testcase>
    </testsuite>
    <testsuite name="packages/frontend/src/components/repository/__tests__/RelationshipGraph.test.tsx" timestamp="2025-09-21T23:33:31.636Z" hostname="AlexJ-N501VW" tests="1" failures="1" errors="0" skipped="0" time="0">
        <testcase classname="packages/frontend/src/components/repository/__tests__/RelationshipGraph.test.tsx" name="src/components/repository/__tests__/RelationshipGraph.test.tsx" time="0">
            <failure message="jest is not defined" type="ReferenceError">
ReferenceError: jest is not defined
 ❯ src/components/repository/__tests__/RelationshipGraph.test.tsx:11:1
            </failure>
        </testcase>
    </testsuite>
    <testsuite name="packages/frontend/src/components/repository/__tests__/RepositoryCard.test.tsx" timestamp="2025-09-21T23:33:31.638Z" hostname="AlexJ-N501VW" tests="6" failures="0" errors="0" skipped="0" time="0">
        <testcase classname="packages/frontend/src/components/repository/__tests__/RepositoryCard.test.tsx" name="RepositoryCard &gt; renders repository information correctly" time="0">
        </testcase>
        <testcase classname="packages/frontend/src/components/repository/__tests__/RepositoryCard.test.tsx" name="RepositoryCard &gt; handles selection correctly" time="0">
        </testcase>
        <testcase classname="packages/frontend/src/components/repository/__tests__/RepositoryCard.test.tsx" name="RepositoryCard &gt; handles view button click correctly" time="0">
        </testcase>
        <testcase classname="packages/frontend/src/components/repository/__tests__/RepositoryCard.test.tsx" name="RepositoryCard &gt; displays selected state correctly" time="0">
        </testcase>
        <testcase classname="packages/frontend/src/components/repository/__tests__/RepositoryCard.test.tsx" name="RepositoryCard &gt; formats date correctly" time="0">
        </testcase>
        <testcase classname="packages/frontend/src/components/repository/__tests__/RepositoryCard.test.tsx" name="RepositoryCard &gt; formats different sizes correctly" time="0">
        </testcase>
    </testsuite>
    <testsuite name="packages/frontend/src/components/repository/__tests__/RepositoryComparison.test.tsx" timestamp="2025-09-21T23:33:31.641Z" hostname="AlexJ-N501VW" tests="4" failures="0" errors="0" skipped="0" time="0">
        <testcase classname="packages/frontend/src/components/repository/__tests__/RepositoryComparison.test.tsx" name="RepositoryComparison &gt; renders loading state initially" time="0">
        </testcase>
        <testcase classname="packages/frontend/src/components/repository/__tests__/RepositoryComparison.test.tsx" name="RepositoryComparison &gt; renders comparison data correctly" time="0">
        </testcase>
        <testcase classname="packages/frontend/src/components/repository/__tests__/RepositoryComparison.test.tsx" name="RepositoryComparison &gt; handles API errors correctly" time="0">
        </testcase>
        <testcase classname="packages/frontend/src/components/repository/__tests__/RepositoryComparison.test.tsx" name="RepositoryComparison &gt; calls onClose when close button is clicked" time="0">
        </testcase>
    </testsuite>
    <testsuite name="packages/frontend/src/components/repository/__tests__/RepositorySelector.test.tsx" timestamp="2025-09-21T23:33:31.643Z" hostname="AlexJ-N501VW" tests="5" failures="0" errors="0" skipped="0" time="0">
        <testcase classname="packages/frontend/src/components/repository/__tests__/RepositorySelector.test.tsx" name="RepositorySelector &gt; renders correctly with initial state" time="0">
        </testcase>
        <testcase classname="packages/frontend/src/components/repository/__tests__/RepositorySelector.test.tsx" name="RepositorySelector &gt; displays directory contents when loaded" time="0">
        </testcase>
        <testcase classname="packages/frontend/src/components/repository/__tests__/RepositorySelector.test.tsx" name="RepositorySelector &gt; navigates to a directory when clicked" time="0">
        </testcase>
        <testcase classname="packages/frontend/src/components/repository/__tests__/RepositorySelector.test.tsx" name="RepositorySelector &gt; selects a repository when Select Repository button is clicked" time="0">
        </testcase>
        <testcase classname="packages/frontend/src/components/repository/__tests__/RepositorySelector.test.tsx" name="RepositorySelector &gt; displays recent repositories when available" time="0">
        </testcase>
    </testsuite>
    <testsuite name="packages/frontend/src/components/repository/__tests__/SearchInterface.test.tsx" timestamp="2025-09-21T23:33:31.646Z" hostname="AlexJ-N501VW" tests="9" failures="0" errors="0" skipped="0" time="0">
        <testcase classname="packages/frontend/src/components/repository/__tests__/SearchInterface.test.tsx" name="SearchInterface &gt; renders the search interface with repositories" time="0">
        </testcase>
        <testcase classname="packages/frontend/src/components/repository/__tests__/SearchInterface.test.tsx" name="SearchInterface &gt; handles search input correctly" time="0">
        </testcase>
        <testcase classname="packages/frontend/src/components/repository/__tests__/SearchInterface.test.tsx" name="SearchInterface &gt; handles repository selection correctly" time="0">
        </testcase>
        <testcase classname="packages/frontend/src/components/repository/__tests__/SearchInterface.test.tsx" name="SearchInterface &gt; handles view repository correctly" time="0">
        </testcase>
        <testcase classname="packages/frontend/src/components/repository/__tests__/SearchInterface.test.tsx" name="SearchInterface &gt; handles saved search selection correctly" time="0">
        </testcase>
        <testcase classname="packages/frontend/src/components/repository/__tests__/SearchInterface.test.tsx" name="SearchInterface &gt; handles pagination correctly" time="0">
        </testcase>
        <testcase classname="packages/frontend/src/components/repository/__tests__/SearchInterface.test.tsx" name="SearchInterface &gt; displays loading state correctly" time="0">
        </testcase>
        <testcase classname="packages/frontend/src/components/repository/__tests__/SearchInterface.test.tsx" name="SearchInterface &gt; displays error state correctly" time="0">
        </testcase>
        <testcase classname="packages/frontend/src/components/repository/__tests__/SearchInterface.test.tsx" name="SearchInterface &gt; displays empty state correctly" time="0">
        </testcase>
    </testsuite>
    <testsuite name="packages/frontend/src/components/analysis/results/__tests__/ExportButton.test.tsx" timestamp="2025-09-21T23:33:31.651Z" hostname="AlexJ-N501VW" tests="10" failures="0" errors="0" skipped="0" time="0">
        <testcase classname="packages/frontend/src/components/analysis/results/__tests__/ExportButton.test.tsx" name="ExportButton &gt; renders export button correctly" time="0">
        </testcase>
        <testcase classname="packages/frontend/src/components/analysis/results/__tests__/ExportButton.test.tsx" name="ExportButton &gt; opens dropdown when clicked" time="0">
        </testcase>
        <testcase classname="packages/frontend/src/components/analysis/results/__tests__/ExportButton.test.tsx" name="ExportButton &gt; handles direct download correctly" time="0">
        </testcase>
        <testcase classname="packages/frontend/src/components/analysis/results/__tests__/ExportButton.test.tsx" name="ExportButton &gt; handles export for sharing correctly" time="0">
        </testcase>
        <testcase classname="packages/frontend/src/components/analysis/results/__tests__/ExportButton.test.tsx" name="ExportButton &gt; shows loading state during export" time="0">
        </testcase>
        <testcase classname="packages/frontend/src/components/analysis/results/__tests__/ExportButton.test.tsx" name="ExportButton &gt; handles export errors gracefully" time="0">
        </testcase>
        <testcase classname="packages/frontend/src/components/analysis/results/__tests__/ExportButton.test.tsx" name="ExportButton &gt; displays export history when available" time="0">
        </testcase>
        <testcase classname="packages/frontend/src/components/analysis/results/__tests__/ExportButton.test.tsx" name="ExportButton &gt; works with batch analysis" time="0">
        </testcase>
        <testcase classname="packages/frontend/src/components/analysis/results/__tests__/ExportButton.test.tsx" name="ExportButton &gt; handles sharing with native share API when available" time="0">
        </testcase>
        <testcase classname="packages/frontend/src/components/analysis/results/__tests__/ExportButton.test.tsx" name="ExportButton &gt; falls back to clipboard when native share is not available" time="0">
        </testcase>
    </testsuite>
</testsuites>
